c:\jusin\숙제\trpg\trpg\x64\debug\vc143.pdb
c:\jusin\숙제\trpg\trpg\x64\debug\vc143.idb
c:\jusin\숙제\trpg\trpg\x64\debug\trpg.obj
c:\jusin\숙제\trpg\trpg\x64\debug\saveloadfile.obj
c:\jusin\숙제\trpg\trpg\x64\debug\cselectnum.obj
c:\jusin\숙제\trpg\trpg\x64\debug\cplayer.obj
c:\jusin\숙제\trpg\trpg\x64\debug\cobject.obj
c:\jusin\숙제\trpg\trpg\x64\debug\pch.obj
c:\jusin\숙제\trpg\trpg\x64\debug\maingame.obj
c:\jusin\숙제\trpg\trpg\x64\debug\cmonster.obj
c:\jusin\숙제\trpg\trpg\x64\debug\define.obj
c:\jusin\숙제\trpg\trpg\x64\debug\gamesetting.obj
c:\jusin\숙제\trpg\trpg\x64\debug\cminigame1.obj
c:\jusin\숙제\trpg\trpg\x64\debug\cgame.obj
c:\jusin\숙제\trpg\x64\debug\trpg.exe
c:\jusin\숙제\trpg\x64\debug\trpg.pdb
c:\jusin\숙제\trpg\trpg\x64\debug\trpg.ilk
c:\jusin\숙제\trpg\trpg\x64\debug\trpg.tlog\cl.command.1.tlog
c:\jusin\숙제\trpg\trpg\x64\debug\trpg.tlog\cl.items.tlog
c:\jusin\숙제\trpg\trpg\x64\debug\trpg.tlog\cl.read.1.tlog
c:\jusin\숙제\trpg\trpg\x64\debug\trpg.tlog\cl.write.1.tlog
c:\jusin\숙제\trpg\trpg\x64\debug\trpg.tlog\link.command.1.tlog
c:\jusin\숙제\trpg\trpg\x64\debug\trpg.tlog\link.read.1.tlog
c:\jusin\숙제\trpg\trpg\x64\debug\trpg.tlog\link.secondary.1.tlog
c:\jusin\숙제\trpg\trpg\x64\debug\trpg.tlog\link.write.1.tlog
